<?xml version="1.0" encoding="UTF-8"?>
<!-- Generated by org.testng.reporters.JUnitReportReporter -->
<testsuite hostname="PT165LT" failures="0" tests="1" name="rahulshetty.TestLogin" time="2.983" errors="0" timestamp="2024-09-03T18:49:21 IST" skipped="0">
  <testcase classname="rahulshetty.TestLogin" name="Addtocartfuncationlity" time="2.983"/>
</testsuite> <!-- rahulshetty.TestLogin -->
